Flow report for counter16bit_top
Thu Apr 28 23:52:22 2022
Quartus Prime Version 21.1.0 Build 842 10/21/2021 SJ Lite Edition


---------------------
; Table of Contents ;
---------------------
  1. Legal Notice
  2. Flow Summary
  3. Flow Settings
  4. Flow Non-Default Global Settings
  5. Flow Elapsed Time
  6. Flow OS Summary
  7. Flow Log
  8. Flow Messages
  9. Flow Suppressed Messages



----------------
; Legal Notice ;
----------------
Copyright (C) 2021  Intel Corporation. All rights reserved.
Your use of Intel Corporation's design tools, logic functions 
and other software and tools, and any partner logic 
functions, and any output files from any of the foregoing 
(including device programming or simulation files), and any 
associated documentation or information are expressly subject 
to the terms and conditions of the Intel Program License 
Subscription Agreement, the Intel Quartus Prime License Agreement,
the Intel FPGA IP License Agreement, or other applicable license
agreement, including, without limitation, that your use is for
the sole purpose of programming logic devices manufactured by
Intel and sold by Intel or its authorized distributors.  Please
refer to the applicable agreement for further details, at
https://fpgasoftware.intel.com/eula.



+----------------------------------------------------------------------------------+
; Flow Summary                                                                     ;
+------------------------------------+---------------------------------------------+
; Flow Status                        ; Successful - Thu Apr 28 23:52:22 2022       ;
; Quartus Prime Version              ; 21.1.0 Build 842 10/21/2021 SJ Lite Edition ;
; Revision Name                      ; counter16bit_top                            ;
; Top-level Entity Name              ; counter16bit_top                            ;
; Family                             ; MAX 10                                      ;
; Device                             ; 10M08DAF256C8G                              ;
; Timing Models                      ; Final                                       ;
; Total logic elements               ; 66 / 8,064 ( < 1 % )                        ;
;     Total combinational functions  ; 66 / 8,064 ( < 1 % )                        ;
;     Dedicated logic registers      ; 18 / 8,064 ( < 1 % )                        ;
; Total registers                    ; 18                                          ;
; Total pins                         ; 15 / 178 ( 8 % )                            ;
; Total virtual pins                 ; 0                                           ;
; Total memory bits                  ; 0 / 387,072 ( 0 % )                         ;
; Embedded Multiplier 9-bit elements ; 0 / 48 ( 0 % )                              ;
; Total PLLs                         ; 2 / 2 ( 100 % )                             ;
; UFM blocks                         ; 0 / 1 ( 0 % )                               ;
; ADC blocks                         ; 0 / 1 ( 0 % )                               ;
+------------------------------------+---------------------------------------------+


+-----------------------------------------+
; Flow Settings                           ;
+-------------------+---------------------+
; Option            ; Setting             ;
+-------------------+---------------------+
; Start date & time ; 04/28/2022 23:51:50 ;
; Main task         ; Compilation         ;
; Revision Name     ; counter16bit_top    ;
+-------------------+---------------------+


+------------------------------------------------------------------------------------------------------------------------------------------------+
; Flow Non-Default Global Settings                                                                                                               ;
+-------------------------------------+----------------------------------------+---------------+-------------+-----------------------------------+
; Assignment Name                     ; Value                                  ; Default Value ; Entity Name ; Section Id                        ;
+-------------------------------------+----------------------------------------+---------------+-------------+-----------------------------------+
; COMPILER_SIGNATURE_ID               ; 84440835577013.165118271047582         ; --            ; --          ; --                                ;
; EDA_GENERATE_FUNCTIONAL_NETLIST     ; Off                                    ; --            ; --          ; eda_board_design_timing           ;
; EDA_GENERATE_FUNCTIONAL_NETLIST     ; Off                                    ; --            ; --          ; eda_board_design_boundary_scan    ;
; EDA_GENERATE_FUNCTIONAL_NETLIST     ; Off                                    ; --            ; --          ; eda_board_design_signal_integrity ;
; EDA_GENERATE_FUNCTIONAL_NETLIST     ; Off                                    ; --            ; --          ; eda_board_design_symbol           ;
; EDA_OUTPUT_DATA_FORMAT              ; Vhdl                                   ; --            ; --          ; eda_simulation                    ;
; EDA_SIMULATION_TOOL                 ; QuestaSim (VHDL)                       ; <None>        ; --          ; --                                ;
; EDA_TIME_SCALE                      ; 1 ps                                   ; --            ; --          ; eda_simulation                    ;
; MAX_CORE_JUNCTION_TEMP              ; 85                                     ; --            ; --          ; --                                ;
; MIN_CORE_JUNCTION_TEMP              ; 0                                      ; --            ; --          ; --                                ;
; MISC_FILE                           ; mux4.bsf                               ; --            ; --          ; --                                ;
; MISC_FILE                           ; mux4.cmp                               ; --            ; --          ; --                                ;
; MISC_FILE                           ; pll.bsf                                ; --            ; --          ; --                                ;
; MISC_FILE                           ; pll.cmp                                ; --            ; --          ; --                                ;
; MISC_FILE                           ; pll.ppf                                ; --            ; --          ; --                                ;
; MISC_FILE                           ; pll2.bsf                               ; --            ; --          ; --                                ;
; MISC_FILE                           ; pll2.cmp                               ; --            ; --          ; --                                ;
; MISC_FILE                           ; pll2.ppf                               ; --            ; --          ; --                                ;
; MISC_FILE                           ; const0.bsf                             ; --            ; --          ; --                                ;
; MISC_FILE                           ; const0.cmp                             ; --            ; --          ; --                                ;
; PARTITION_COLOR                     ; -- (Not supported for targeted family) ; --            ; --          ; Top                               ;
; PARTITION_FITTER_PRESERVATION_LEVEL ; -- (Not supported for targeted family) ; --            ; --          ; Top                               ;
; PARTITION_NETLIST_TYPE              ; -- (Not supported for targeted family) ; --            ; --          ; Top                               ;
; POWER_BOARD_THERMAL_MODEL           ; None (CONSERVATIVE)                    ; --            ; --          ; --                                ;
; POWER_PRESET_COOLING_SOLUTION       ; 23 MM HEAT SINK WITH 200 LFPM AIRFLOW  ; --            ; --          ; --                                ;
; PROJECT_OUTPUT_DIRECTORY            ; output_files                           ; --            ; --          ; --                                ;
+-------------------------------------+----------------------------------------+---------------+-------------+-----------------------------------+


+--------------------------------------------------------------------------------------------------------------------------+
; Flow Elapsed Time                                                                                                        ;
+----------------------+--------------+-------------------------+---------------------+------------------------------------+
; Module Name          ; Elapsed Time ; Average Processors Used ; Peak Virtual Memory ; Total CPU Time (on all processors) ;
+----------------------+--------------+-------------------------+---------------------+------------------------------------+
; Analysis & Synthesis ; 00:00:16     ; 1.0                     ; 462 MB              ; 00:00:20                           ;
; Fitter               ; 00:00:06     ; 1.1                     ; 1030 MB             ; 00:00:05                           ;
; Assembler            ; 00:00:02     ; 1.0                     ; 364 MB              ; 00:00:01                           ;
; Timing Analyzer      ; 00:00:03     ; 1.1                     ; 494 MB              ; 00:00:02                           ;
; EDA Netlist Writer   ; 00:00:00     ; 1.0                     ; 608 MB              ; 00:00:00                           ;
; Total                ; 00:00:27     ; --                      ; --                  ; 00:00:28                           ;
+----------------------+--------------+-------------------------+---------------------+------------------------------------+


+------------------------------------------------------------------------------------+
; Flow OS Summary                                                                    ;
+----------------------+------------------+------------+------------+----------------+
; Module Name          ; Machine Hostname ; OS Name    ; OS Version ; Processor type ;
+----------------------+------------------+------------+------------+----------------+
; Analysis & Synthesis ; btcPC            ; Arch Linux ; Arch Linux ; x86_64         ;
; Fitter               ; btcPC            ; Arch Linux ; Arch Linux ; x86_64         ;
; Assembler            ; btcPC            ; Arch Linux ; Arch Linux ; x86_64         ;
; Timing Analyzer      ; btcPC            ; Arch Linux ; Arch Linux ; x86_64         ;
; EDA Netlist Writer   ; btcPC            ; Arch Linux ; Arch Linux ; x86_64         ;
+----------------------+------------------+------------+------------+----------------+


------------
; Flow Log ;
------------
quartus_map --read_settings_files=on --write_settings_files=off counter16bit -c counter16bit_top
quartus_fit --read_settings_files=off --write_settings_files=off counter16bit -c counter16bit_top
quartus_asm --read_settings_files=off --write_settings_files=off counter16bit -c counter16bit_top
quartus_sta counter16bit -c counter16bit_top
quartus_eda --read_settings_files=off --write_settings_files=off counter16bit -c counter16bit_top



